Build started 2/18/2015 10:15:32 PM.
     1>Project "C:\Users\Levi\Documents\GitHub\CIS246_ATM_assignment\New\ATMUnitTest\ATMUnitTest\ATMUnitTest.vcxproj" on node 2 (Build target(s)).
     1>ClCompile:
         C:\Program Files (x86)\Microsoft Visual Studio 12.0\VC\bin\CL.exe /c /I"C:\Program Files (x86)\Microsoft Visual Studio 12.0\VC\UnitTest\include" /ZI /nologo /W3 /WX- /Od /Oy- /D WIN32 /D _DEBUG /D _WINDLL /D _UNICODE /D UNICODE /Gm /EHsc /RTC1 /MDd /GS /fp:precise /Zc:wchar_t /Zc:forScope /Yu"stdafx.h" /Fp"Debug\ATMUnitTest.pch" /Fo"Debug\\" /Fd"Debug\vc120.pdb" /Gd /TP /analyze- /FC /errorReport:prompt unittest1.cpp
         unittest1.cpp
     1>c:\users\levi\documents\github\cis246_atm_assignment\new\atmunittest\atmunittest\unittest1.cpp(5): fatal error C1083: Cannot open include file: 'ATM.h': No such file or directory
     1>Done Building Project "C:\Users\Levi\Documents\GitHub\CIS246_ATM_assignment\New\ATMUnitTest\ATMUnitTest\ATMUnitTest.vcxproj" (Build target(s)) -- FAILED.

Build FAILED.

Time Elapsed 00:00:15.20
